[INFO] Scanning for projects...
[INFO] 
[INFO] ---------------------< com.backend:upkeepBackend >----------------------
[INFO] Building upkeepBackend 0.0.1-SNAPSHOT
[INFO]   from pom.xml
[INFO] --------------------------------[ jar ]---------------------------------
[INFO] 
[INFO] >>> spring-boot:3.5.7:run (default-cli) > test-compile @ upkeepBackend >>>
[INFO] 
[INFO] --- resources:3.3.1:resources (default-resources) @ upkeepBackend ---
[INFO] Copying 1 resource from src/main/resources to target/classes
[INFO] Copying 0 resource from src/main/resources to target/classes
[INFO] 
[INFO] --- compiler:3.14.1:compile (default-compile) @ upkeepBackend ---
[INFO] Nothing to compile - all classes are up to date.
[INFO] 
[INFO] --- resources:3.3.1:testResources (default-testResources) @ upkeepBackend ---
[INFO] skip non existing resourceDirectory /Users/prabeen6260/Desktop/java projects/upkeep/upkeepBackend/src/test/resources
[INFO] 
[INFO] --- compiler:3.14.1:testCompile (default-testCompile) @ upkeepBackend ---
[INFO] Nothing to compile - all classes are up to date.
[INFO] 
[INFO] <<< spring-boot:3.5.7:run (default-cli) < test-compile @ upkeepBackend <<<
[INFO] 
[INFO] 
[INFO] --- spring-boot:3.5.7:run (default-cli) @ upkeepBackend ---
[INFO] Attaching agents: []

  .   ____          _            __ _ _
 /\\ / ___'_ __ _ _(_)_ __  __ _ \ \ \ \
( ( )\___ | '_ | '_| | '_ \/ _` | \ \ \ \
 \\/  ___)| |_)| | | | | || (_| |  ) ) ) )
  '  |____| .__|_| |_|_| |_\__, | / / / /
 =========|_|==============|___/=/_/_/_/

 :: Spring Boot ::                (v3.5.7)

2025-10-24T21:18:13.554-05:00  INFO 69064 --- [           main] c.b.u.UpkeepBackendApplication           : Starting UpkeepBackendApplication using Java 21.0.8 with PID 69064 (/Users/prabeen6260/Desktop/java projects/upkeep/upkeepBackend/target/classes started by prabeen6260 in /Users/prabeen6260/Desktop/java projects/upkeep/upkeepBackend)
2025-10-24T21:18:13.555-05:00  INFO 69064 --- [           main] c.b.u.UpkeepBackendApplication           : No active profile set, falling back to 1 default profile: "default"
2025-10-24T21:18:13.769-05:00  INFO 69064 --- [           main] .s.d.r.c.RepositoryConfigurationDelegate : Bootstrapping Spring Data JPA repositories in DEFAULT mode.
2025-10-24T21:18:13.785-05:00  INFO 69064 --- [           main] .s.d.r.c.RepositoryConfigurationDelegate : Finished Spring Data repository scanning in 13 ms. Found 1 JPA repository interface.
2025-10-24T21:18:13.961-05:00  INFO 69064 --- [           main] o.s.b.w.embedded.tomcat.TomcatWebServer  : Tomcat initialized with port 8080 (http)
2025-10-24T21:18:13.967-05:00  INFO 69064 --- [           main] o.apache.catalina.core.StandardService   : Starting service [Tomcat]
2025-10-24T21:18:13.967-05:00  INFO 69064 --- [           main] o.apache.catalina.core.StandardEngine    : Starting Servlet engine: [Apache Tomcat/10.1.48]
2025-10-24T21:18:13.984-05:00  INFO 69064 --- [           main] o.a.c.c.C.[Tomcat].[localhost].[/]       : Initializing Spring embedded WebApplicationContext
2025-10-24T21:18:13.984-05:00  INFO 69064 --- [           main] w.s.c.ServletWebServerApplicationContext : Root WebApplicationContext: initialization completed in 416 ms
2025-10-24T21:18:14.042-05:00  INFO 69064 --- [           main] o.hibernate.jpa.internal.util.LogHelper  : HHH000204: Processing PersistenceUnitInfo [name: default]
2025-10-24T21:18:14.065-05:00  INFO 69064 --- [           main] org.hibernate.Version                    : HHH000412: Hibernate ORM core version 6.6.33.Final
2025-10-24T21:18:14.076-05:00  INFO 69064 --- [           main] o.h.c.internal.RegionFactoryInitiator    : HHH000026: Second-level cache disabled
2025-10-24T21:18:14.165-05:00  INFO 69064 --- [           main] o.s.o.j.p.SpringPersistenceUnitInfo      : No LoadTimeWeaver setup: ignoring JPA class transformer
2025-10-24T21:18:14.174-05:00  INFO 69064 --- [           main] com.zaxxer.hikari.HikariDataSource       : HikariPool-1 - Starting...
2025-10-24T21:18:14.252-05:00  INFO 69064 --- [           main] com.zaxxer.hikari.pool.HikariPool        : HikariPool-1 - Added connection com.mysql.cj.jdbc.ConnectionImpl@2f60cbf2
2025-10-24T21:18:14.253-05:00  INFO 69064 --- [           main] com.zaxxer.hikari.HikariDataSource       : HikariPool-1 - Start completed.
2025-10-24T21:18:14.282-05:00  WARN 69064 --- [           main] org.hibernate.orm.deprecation            : HHH90000025: MySQLDialect does not need to be specified explicitly using 'hibernate.dialect' (remove the property setting and it will be selected by default)
2025-10-24T21:18:14.288-05:00  INFO 69064 --- [           main] org.hibernate.orm.connections.pooling    : HHH10001005: Database info:
	Database JDBC URL [Connecting through datasource 'HikariDataSource (HikariPool-1)']
	Database driver: undefined/unknown
	Database version: 8.0.44
	Autocommit mode: undefined/unknown
	Isolation level: undefined/unknown
	Minimum pool size: undefined/unknown
	Maximum pool size: undefined/unknown
2025-10-24T21:18:14.542-05:00  INFO 69064 --- [           main] o.h.e.t.j.p.i.JtaPlatformInitiator       : HHH000489: No JTA platform available (set 'hibernate.transaction.jta.platform' to enable JTA platform integration)
Hibernate: create table assets (id bigint not null auto_increment, category varchar(255), description varchar(255), maint_interval integer, last_maintenance date, name varchar(255) not null, next_maintenance date, user_id varchar(255) not null, primary key (id)) engine=InnoDB
2025-10-24T21:18:14.578-05:00  INFO 69064 --- [           main] j.LocalContainerEntityManagerFactoryBean : Initialized JPA EntityManagerFactory for persistence unit 'default'
2025-10-24T21:18:14.687-05:00  WARN 69064 --- [           main] JpaBaseConfiguration$JpaWebConfiguration : spring.jpa.open-in-view is enabled by default. Therefore, database queries may be performed during view rendering. Explicitly configure spring.jpa.open-in-view to disable this warning
2025-10-24T21:18:14.856-05:00  INFO 69064 --- [           main] o.s.b.w.embedded.tomcat.TomcatWebServer  : Tomcat started on port 8080 (http) with context path '/'
2025-10-24T21:18:14.859-05:00  INFO 69064 --- [           main] c.b.u.UpkeepBackendApplication           : Started UpkeepBackendApplication in 1.443 seconds (process running for 1.563)
2025-10-24T21:18:42.708-05:00  INFO 69064 --- [nio-8080-exec-1] o.a.c.c.C.[Tomcat].[localhost].[/]       : Initializing Spring DispatcherServlet 'dispatcherServlet'
2025-10-24T21:18:42.708-05:00  INFO 69064 --- [nio-8080-exec-1] o.s.web.servlet.DispatcherServlet        : Initializing Servlet 'dispatcherServlet'
2025-10-24T21:18:42.708-05:00  INFO 69064 --- [nio-8080-exec-1] o.s.web.servlet.DispatcherServlet        : Completed initialization in 0 ms
[INFO] ------------------------------------------------------------------------
[INFO] BUILD FAILURE
[INFO] ------------------------------------------------------------------------
[INFO] Total time:  04:40 min
[INFO] Finished at: 2025-10-24T21:22:53-05:00
[INFO] ------------------------------------------------------------------------
[ERROR] Failed to execute goal org.springframework.boot:spring-boot-maven-plugin:3.5.7:run (default-cli) on project upkeepBackend: Process terminated with exit code: 137 -> [Help 1]
[ERROR] 
[ERROR] To see the full stack trace of the errors, re-run Maven with the -e switch.
[ERROR] Re-run Maven using the -X switch to enable full debug logging.
[ERROR] 
[ERROR] For more information about the errors and possible solutions, please read the following articles:
[ERROR] [Help 1] http://cwiki.apache.org/confluence/display/MAVEN/MojoExecutionException
